<?xml version="1.0" encoding="UTF-8"?>
<!-- Generated by org.testng.reporters.JUnitXMLReporter -->
<testsuite ignored="0" hostname="ITEM-S109235" failures="0" tests="7" name="Surefire test" time="360.4" errors="0" timestamp="2026-06-22T15:27:09 IST">
  <testcase classname="com.qa.opencart.tests.HomePageTest" name="homePageTitleTest" time="0.239"/>
  <testcase classname="com.qa.opencart.tests.HomePageTest" name="homePageTitleURL" time="0.01"/>
  <testcase classname="com.qa.opencart.tests.HomePageTest" name="searchTest" time="1.376"/>
  <testcase classname="com.qa.opencart.tests.HomePageTest" name="searchTest" time="0.99"/>
  <testcase classname="com.qa.opencart.tests.HomePageTest" name="searchTest" time="1.249"/>
  <testcase classname="com.qa.opencart.tests.LoginPageTest" name="loginPageNavigationTest" time="1.288"/>
  <testcase classname="com.qa.opencart.tests.LoginPageTest" name="loginWithvalidCreds" time="1.021"/>
</testsuite> <!-- Surefire test -->
