<?xml version="1.0" encoding="UTF-8"?>
<!-- Generated by org.testng.reporters.JUnitXMLReporter -->
<testsuite ignored="0" hostname="ITEM-S109235" failures="0" tests="5" name="Open Cart Home Page Test" time="35.428" errors="0" timestamp="2026-06-29T16:37:49 IST">
  <testcase classname="com.qa.opencart.tests.HomePageTest" name="homePageTitleTest" time="0.096"/>
  <testcase classname="com.qa.opencart.tests.HomePageTest" name="homePageTitleURL" time="0.006"/>
  <testcase classname="com.qa.opencart.tests.HomePageTest" name="searchTest" time="1.094"/>
  <testcase classname="com.qa.opencart.tests.HomePageTest" name="searchTest" time="0.911"/>
  <testcase classname="com.qa.opencart.tests.HomePageTest" name="searchTest" time="1.155"/>
</testsuite> <!-- Open Cart Home Page Test -->
