<?xml version="1.0" encoding="UTF-8"?>
<!-- Generated by org.testng.reporters.JUnitXMLReporter -->
<testsuite ignored="0" hostname="ITEM-S109235" failures="0" tests="5" name="Open Cart Home Page Test_chrome" time="46.135" errors="0" timestamp="2026-06-30T10:18:46 IST">
  <testcase classname="com.qa.opencart.tests.HomePageTest" name="homePageTitleTest" time="0.118"/>
  <testcase classname="com.qa.opencart.tests.HomePageTest" name="homePageTitleURL" time="0.018"/>
  <testcase classname="com.qa.opencart.tests.HomePageTest" name="searchTest" time="1.331"/>
  <testcase classname="com.qa.opencart.tests.HomePageTest" name="searchTest" time="1.187"/>
  <testcase classname="com.qa.opencart.tests.HomePageTest" name="searchTest" time="1.119"/>
</testsuite> <!-- Open Cart Home Page Test_chrome -->
