<?xml version="1.0" encoding="UTF-8"?>
<!-- Generated by org.testng.reporters.JUnitXMLReporter -->
<testsuite ignored="0" hostname="ITEM-S109235" failures="0" tests="5" name="Open Cart Home Page Test" time="49.794" errors="0" timestamp="2026-06-29T16:13:41 IST">
  <testcase classname="com.qa.opencart.tests.HomePageTest" name="homePageTitleTest" time="0.241"/>
  <testcase classname="com.qa.opencart.tests.HomePageTest" name="homePageTitleURL" time="0.049"/>
  <testcase classname="com.qa.opencart.tests.HomePageTest" name="searchTest" time="1.306"/>
  <testcase classname="com.qa.opencart.tests.HomePageTest" name="searchTest" time="1.158"/>
  <testcase classname="com.qa.opencart.tests.HomePageTest" name="searchTest" time="2.132"/>
</testsuite> <!-- Open Cart Home Page Test -->
