<?xml version="1.0" encoding="UTF-8"?>
<!-- Generated by org.testng.reporters.JUnitXMLReporter -->
<testsuite ignored="0" hostname="ITEM-S109235" failures="0" tests="3" name="Open Cart Login Page Test_chrome" time="31.811" errors="0" timestamp="2026-06-30T10:18:32 IST">
  <testcase classname="com.qa.opencart.tests.LoginPageTest" name="loginPageNavigationTest" time="0.67"/>
  <testcase classname="com.qa.opencart.tests.LoginPageTest" name="loginWithvalidCreds" time="1.072"/>
  <testcase classname="com.qa.opencart.tests.LoginPageTest" name="forgotPwdLinkExistTest" time="1.635"/>
</testsuite> <!-- Open Cart Login Page Test_chrome -->
