<?xml version="1.0" encoding="UTF-8"?>
<!-- Generated by org.testng.reporters.JUnitXMLReporter -->
<testsuite ignored="0" hostname="ITEM-S109235" failures="0" tests="2" name="Open Cart Login Page Test" time="24.163" errors="0" timestamp="2026-06-29T10:48:45 IST">
  <testcase classname="com.qa.opencart.tests.LoginPageTest" name="loginPageNavigationTest" time="0.906"/>
  <testcase classname="com.qa.opencart.tests.LoginPageTest" name="loginWithvalidCreds" time="1.397"/>
</testsuite> <!-- Open Cart Login Page Test -->
