<?xml version="1.0" encoding="UTF-8"?>
<!-- Generated by org.testng.reporters.JUnitXMLReporter -->
<testsuite ignored="0" hostname="ITEM-S109235" failures="0" tests="5" name="Open Cart Home Page Test_chrome" time="41.701" errors="0" timestamp="2026-06-30T14:38:04 IST">
  <testcase classname="com.qa.opencart.tests.HomePageTest" name="homePageTitleTest" time="0.215"/>
  <testcase classname="com.qa.opencart.tests.HomePageTest" name="homePageTitleURL" time="0.007"/>
  <testcase classname="com.qa.opencart.tests.HomePageTest" name="searchTest" time="1.17"/>
  <testcase classname="com.qa.opencart.tests.HomePageTest" name="searchTest" time="0.877"/>
  <testcase classname="com.qa.opencart.tests.HomePageTest" name="searchTest" time="0.842"/>
</testsuite> <!-- Open Cart Home Page Test_chrome -->
