<?xml version="1.0" encoding="UTF-8"?>
<!-- Generated by org.testng.reporters.JUnitXMLReporter -->
<testsuite ignored="0" hostname="ITEM-S109235" failures="1" tests="2" name="Open Cart Login Page Test_safari" time="16.8" errors="0" timestamp="2026-06-30T09:56:12 IST">
  <testcase classname="com.qa.opencart.tests.LoginPageTest" name="loginPageNavigationTest" time="0.895"/>
  <testcase classname="com.qa.opencart.tests.LoginPageTest" name="loginWithvalidCreds" time="0.023">
    <failure type="com.microsoft.playwright.impl.TargetClosedError" message="Error {
  message=&amp;apos;Target page, context or browser has been closed
  name=&amp;apos;TargetClosedError
  stack=&amp;apos;TargetClosedError: Target page, context or browser has been closed
    at DispatcherConnection.dispatch (C:\Users\ABHIJE~1\AppData\Local\Temp\playwright-java-5629026232066152003\package\lib\coreBundle.js:24184:54)
    at transport.onmessage (C:\Users\ABHIJE~1\AppData\Local\Temp\playwright-java-5629026232066152003\package\lib\coreBundle.js:64275:59)
    at Immediate._onImmediate (C:\Users\ABHIJE~1\AppData\Local\Temp\playwright-java-5629026232066152003\package\lib\coreBundle.js:33576:20)
    at process.processImmediate (node:internal/timers:504:21)
}">
      <![CDATA[com.microsoft.playwright.impl.TargetClosedError: Error {
  message='Target page, context or browser has been closed
  name='TargetClosedError
  stack='TargetClosedError: Target page, context or browser has been closed
    at DispatcherConnection.dispatch (C:\Users\ABHIJE~1\AppData\Local\Temp\playwright-java-5629026232066152003\package\lib\coreBundle.js:24184:54)
    at transport.onmessage (C:\Users\ABHIJE~1\AppData\Local\Temp\playwright-java-5629026232066152003\package\lib\coreBundle.js:64275:59)
    at Immediate._onImmediate (C:\Users\ABHIJE~1\AppData\Local\Temp\playwright-java-5629026232066152003\package\lib\coreBundle.js:33576:20)
    at process.processImmediate (node:internal/timers:504:21)
}
at com.microsoft.playwright.impl.WaitableResult.get(WaitableResult.java:54)
at com.microsoft.playwright.impl.ChannelOwner.runUntil(ChannelOwner.java:138)
at com.microsoft.playwright.impl.Connection.sendMessage(Connection.java:131)
at com.microsoft.playwright.impl.ChannelOwner.sendMessage(ChannelOwner.java:124)
at com.microsoft.playwright.impl.FrameImpl.fill(FrameImpl.java:310)
at com.microsoft.playwright.impl.PageImpl.fill(PageImpl.java:786)
at com.microsoft.playwright.Page.fill(Page.java:4790)
at com.qa.opencart.pages.LoginPage.loginWithValidCreds(LoginPage.java:36)
at com.qa.opencart.tests.LoginPageTest.loginWithvalidCreds(LoginPageTest.java:24)
at java.base/jdk.internal.reflect.DirectMethodHandleAccessor.invoke(DirectMethodHandleAccessor.java:104)
at java.base/java.lang.reflect.Method.invoke(Method.java:578)
at org.testng.internal.MethodInvocationHelper.invokeMethod(MethodInvocationHelper.java:133)
at org.testng.internal.TestInvoker.invokeMethod(TestInvoker.java:598)
at org.testng.internal.TestInvoker.invokeTestMethod(TestInvoker.java:173)
at org.testng.internal.MethodRunner.runInSequence(MethodRunner.java:46)
at org.testng.internal.TestInvoker$MethodInvocationAgent.invoke(TestInvoker.java:824)
at org.testng.internal.TestInvoker.invokeTestMethods(TestInvoker.java:146)
at org.testng.internal.TestMethodWorker.invokeTestMethods(TestMethodWorker.java:146)
at org.testng.internal.TestMethodWorker.run(TestMethodWorker.java:128)
at java.base/java.util.ArrayList.forEach(ArrayList.java:1511)
at org.testng.TestRunner.privateRun(TestRunner.java:794)
at org.testng.TestRunner.run(TestRunner.java:596)
at org.testng.SuiteRunner.runTest(SuiteRunner.java:377)
at org.testng.SuiteRunner.access$000(SuiteRunner.java:28)
at org.testng.SuiteRunner$SuiteWorker.run(SuiteRunner.java:418)
at org.testng.internal.thread.ThreadUtil.lambda$execute$0(ThreadUtil.java:64)
at java.base/java.util.concurrent.FutureTask.run(FutureTask.java:317)
at java.base/java.util.concurrent.ThreadPoolExecutor.runWorker(ThreadPoolExecutor.java:1144)
at java.base/java.util.concurrent.ThreadPoolExecutor$Worker.run(ThreadPoolExecutor.java:642)
at java.base/java.lang.Thread.run(Thread.java:1589)
Caused by: com.microsoft.playwright.impl.TargetClosedError: Error {
  message='Target page, context or browser has been closed
  name='TargetClosedError
  stack='TargetClosedError: Target page, context or browser has been closed
    at DispatcherConnection.dispatch (C:\Users\ABHIJE~1\AppData\Local\Temp\playwright-java-5629026232066152003\package\lib\coreBundle.js:24184:54)
    at transport.onmessage (C:\Users\ABHIJE~1\AppData\Local\Temp\playwright-java-5629026232066152003\package\lib\coreBundle.js:64275:59)
    at Immediate._onImmediate (C:\Users\ABHIJE~1\AppData\Local\Temp\playwright-java-5629026232066152003\package\lib\coreBundle.js:33576:20)
    at process.processImmediate (node:internal/timers:504:21)
}
at com.microsoft.playwright.impl.Connection.dispatch(Connection.java:259)
at com.microsoft.playwright.impl.Connection.processOneMessage(Connection.java:214)
at com.microsoft.playwright.impl.ChannelOwner.runUntil(ChannelOwner.java:136)
... 28 more
]]>
    </failure>
  </testcase> <!-- loginWithvalidCreds -->
</testsuite> <!-- Open Cart Login Page Test_safari -->
