<?xml version="1.0" encoding="UTF-8"?>
<!-- Generated by org.testng.reporters.JUnitXMLReporter -->
<testsuite ignored="0" hostname="ITEM-S109235" failures="0" tests="5" name="Open Cart Home Page Test" time="63.541" errors="0" timestamp="2026-06-24T11:54:49 IST">
  <testcase classname="com.qa.opencart.tests.HomePageTest" name="homePageTitleTest" time="0.16"/>
  <testcase classname="com.qa.opencart.tests.HomePageTest" name="homePageTitleURL" time="0.187"/>
  <testcase classname="com.qa.opencart.tests.HomePageTest" name="searchTest" time="1.265"/>
  <testcase classname="com.qa.opencart.tests.HomePageTest" name="searchTest" time="0.989"/>
  <testcase classname="com.qa.opencart.tests.HomePageTest" name="searchTest" time="1.035"/>
</testsuite> <!-- Open Cart Home Page Test -->
