<?xml version="1.0" encoding="UTF-8"?>
<testng-results ignored="0" total="7" passed="7" failed="0" skipped="0">
  <reporter-output>
  </reporter-output>
  <suite started-at="2026-06-29T16:37:14 IST" name="Open Cart Test Regression PW Suite" finished-at="2026-06-29T16:37:49 IST" duration-ms="35428">
    <groups>
    </groups>
    <test started-at="2026-06-29T16:37:14 IST" name="Open Cart Login Page Test" finished-at="2026-06-29T16:37:31 IST" duration-ms="17807">
      <class name="com.qa.opencart.tests.LoginPageTest">
        <test-method is-config="true" signature="setUp()[pri:0, instance:com.qa.opencart.tests.LoginPageTest@dbd8e44]" started-at="2026-06-29T16:37:14 IST" name="setUp" finished-at="2026-06-29T16:37:24 IST" duration-ms="9940" status="PASS">
          <reporter-output>
          </reporter-output>
        </test-method> <!-- setUp -->
        <test-method signature="loginPageNavigationTest()[pri:1, instance:com.qa.opencart.tests.LoginPageTest@dbd8e44]" started-at="2026-06-29T16:37:24 IST" name="loginPageNavigationTest" finished-at="2026-06-29T16:37:24 IST" duration-ms="727" status="PASS">
          <reporter-output>
          </reporter-output>
        </test-method> <!-- loginPageNavigationTest -->
        <test-method is-config="true" signature="tearDown()[pri:0, instance:com.qa.opencart.tests.LoginPageTest@dbd8e44]" started-at="2026-06-29T16:37:25 IST" name="tearDown" finished-at="2026-06-29T16:37:25 IST" duration-ms="2" status="PASS">
          <reporter-output>
          </reporter-output>
        </test-method> <!-- tearDown -->
        <test-method is-config="true" signature="setUp()[pri:0, instance:com.qa.opencart.tests.LoginPageTest@dbd8e44]" started-at="2026-06-29T16:37:25 IST" name="setUp" finished-at="2026-06-29T16:37:30 IST" duration-ms="4372" status="PASS">
          <reporter-output>
          </reporter-output>
        </test-method> <!-- setUp -->
        <test-method signature="loginWithvalidCreds()[pri:2, instance:com.qa.opencart.tests.LoginPageTest@dbd8e44]" started-at="2026-06-29T16:37:30 IST" name="loginWithvalidCreds" finished-at="2026-06-29T16:37:31 IST" duration-ms="987" status="PASS">
          <reporter-output>
          </reporter-output>
        </test-method> <!-- loginWithvalidCreds -->
        <test-method is-config="true" signature="tearDown()[pri:0, instance:com.qa.opencart.tests.LoginPageTest@dbd8e44]" started-at="2026-06-29T16:37:31 IST" name="tearDown" finished-at="2026-06-29T16:37:31 IST" duration-ms="2" status="PASS">
          <reporter-output>
          </reporter-output>
        </test-method> <!-- tearDown -->
      </class> <!-- com.qa.opencart.tests.LoginPageTest -->
    </test> <!-- Open Cart Login Page Test -->
    <test started-at="2026-06-29T16:37:14 IST" name="Open Cart Home Page Test" finished-at="2026-06-29T16:37:49 IST" duration-ms="35428">
      <class name="com.qa.opencart.tests.HomePageTest">
        <test-method is-config="true" signature="setUp()[pri:0, instance:com.qa.opencart.tests.HomePageTest@e70f13a]" started-at="2026-06-29T16:37:14 IST" name="setUp" finished-at="2026-06-29T16:37:24 IST" duration-ms="9940" status="PASS">
          <reporter-output>
          </reporter-output>
        </test-method> <!-- setUp -->
        <test-method signature="homePageTitleTest()[pri:0, instance:com.qa.opencart.tests.HomePageTest@e70f13a]" started-at="2026-06-29T16:37:24 IST" name="homePageTitleTest" finished-at="2026-06-29T16:37:24 IST" duration-ms="96" status="PASS">
          <reporter-output>
          </reporter-output>
        </test-method> <!-- homePageTitleTest -->
        <test-method is-config="true" signature="tearDown()[pri:0, instance:com.qa.opencart.tests.HomePageTest@e70f13a]" started-at="2026-06-29T16:37:25 IST" name="tearDown" finished-at="2026-06-29T16:37:25 IST" duration-ms="3" status="PASS">
          <reporter-output>
          </reporter-output>
        </test-method> <!-- tearDown -->
        <test-method is-config="true" signature="setUp()[pri:0, instance:com.qa.opencart.tests.HomePageTest@e70f13a]" started-at="2026-06-29T16:37:25 IST" name="setUp" finished-at="2026-06-29T16:37:29 IST" duration-ms="3748" status="PASS">
          <reporter-output>
          </reporter-output>
        </test-method> <!-- setUp -->
        <test-method signature="homePageTitleURL()[pri:0, instance:com.qa.opencart.tests.HomePageTest@e70f13a]" started-at="2026-06-29T16:37:29 IST" name="homePageTitleURL" finished-at="2026-06-29T16:37:29 IST" duration-ms="6" status="PASS">
          <reporter-output>
          </reporter-output>
        </test-method> <!-- homePageTitleURL -->
        <test-method is-config="true" signature="tearDown()[pri:0, instance:com.qa.opencart.tests.HomePageTest@e70f13a]" started-at="2026-06-29T16:37:30 IST" name="tearDown" finished-at="2026-06-29T16:37:30 IST" duration-ms="2" status="PASS">
          <reporter-output>
          </reporter-output>
        </test-method> <!-- tearDown -->
        <test-method is-config="true" signature="setUp()[pri:0, instance:com.qa.opencart.tests.HomePageTest@e70f13a]" started-at="2026-06-29T16:37:30 IST" name="setUp" finished-at="2026-06-29T16:37:36 IST" duration-ms="5634" status="PASS">
          <reporter-output>
          </reporter-output>
        </test-method> <!-- setUp -->
        <test-method signature="searchTest(java.lang.String)[pri:0, instance:com.qa.opencart.tests.HomePageTest@e70f13a]" started-at="2026-06-29T16:37:36 IST" name="searchTest" data-provider="getProductData" finished-at="2026-06-29T16:37:37 IST" duration-ms="1094" status="PASS">
          <params>
            <param index="0">
              <value>
                <![CDATA[macbook]]>
              </value>
            </param>
          </params>
          <reporter-output>
          </reporter-output>
        </test-method> <!-- searchTest -->
        <test-method is-config="true" signature="tearDown()[pri:0, instance:com.qa.opencart.tests.HomePageTest@e70f13a]" started-at="2026-06-29T16:37:37 IST" name="tearDown" finished-at="2026-06-29T16:37:37 IST" duration-ms="6" status="PASS">
          <reporter-output>
          </reporter-output>
        </test-method> <!-- tearDown -->
        <test-method is-config="true" signature="setUp()[pri:0, instance:com.qa.opencart.tests.HomePageTest@e70f13a]" started-at="2026-06-29T16:37:37 IST" name="setUp" finished-at="2026-06-29T16:37:41 IST" duration-ms="3874" status="PASS">
          <reporter-output>
          </reporter-output>
        </test-method> <!-- setUp -->
        <test-method signature="searchTest(java.lang.String)[pri:0, instance:com.qa.opencart.tests.HomePageTest@e70f13a]" started-at="2026-06-29T16:37:41 IST" name="searchTest" data-provider="getProductData" finished-at="2026-06-29T16:37:42 IST" duration-ms="911" status="PASS">
          <params>
            <param index="0">
              <value>
                <![CDATA[samsung]]>
              </value>
            </param>
          </params>
          <reporter-output>
          </reporter-output>
        </test-method> <!-- searchTest -->
        <test-method is-config="true" signature="tearDown()[pri:0, instance:com.qa.opencart.tests.HomePageTest@e70f13a]" started-at="2026-06-29T16:37:43 IST" name="tearDown" finished-at="2026-06-29T16:37:43 IST" duration-ms="2" status="PASS">
          <reporter-output>
          </reporter-output>
        </test-method> <!-- tearDown -->
        <test-method is-config="true" signature="setUp()[pri:0, instance:com.qa.opencart.tests.HomePageTest@e70f13a]" started-at="2026-06-29T16:37:43 IST" name="setUp" finished-at="2026-06-29T16:37:47 IST" duration-ms="3817" status="PASS">
          <reporter-output>
          </reporter-output>
        </test-method> <!-- setUp -->
        <test-method signature="searchTest(java.lang.String)[pri:0, instance:com.qa.opencart.tests.HomePageTest@e70f13a]" started-at="2026-06-29T16:37:47 IST" name="searchTest" data-provider="getProductData" finished-at="2026-06-29T16:37:48 IST" duration-ms="1155" status="PASS">
          <params>
            <param index="0">
              <value>
                <![CDATA[IMAC]]>
              </value>
            </param>
          </params>
          <reporter-output>
          </reporter-output>
        </test-method> <!-- searchTest -->
        <test-method is-config="true" signature="tearDown()[pri:0, instance:com.qa.opencart.tests.HomePageTest@e70f13a]" started-at="2026-06-29T16:37:49 IST" name="tearDown" finished-at="2026-06-29T16:37:49 IST" duration-ms="2" status="PASS">
          <reporter-output>
          </reporter-output>
        </test-method> <!-- tearDown -->
      </class> <!-- com.qa.opencart.tests.HomePageTest -->
    </test> <!-- Open Cart Home Page Test -->
  </suite> <!-- Open Cart Test Regression PW Suite -->
</testng-results>
