<?xml version="1.0" encoding="UTF-8"?>
<testsuite xmlns:xsi="http://www.w3.org/2001/XMLSchema-instance" xsi:noNamespaceSchemaLocation="https://maven.apache.org/surefire/maven-surefire-plugin/xsd/surefire-test-report-3.0.xsd" version="3.0" name="TestSuite" time="362.088" tests="7" errors="0" skipped="0" failures="0">
  <properties>
[...]
</properties>
  <testcase name="homePageTitleTest" classname="com.qa.opencart.tests.HomePageTest" time="0.181">
    <system-out><![CDATA[Browser name: chrome
Page title: Your Store
]]></system-out>
    <system-err><![CDATA[SLF4J(W): No SLF4J providers were found.
SLF4J(W): Defaulting to no-operation (NOP) logger implementation
SLF4J(W): See https://www.slf4j.org/codes.html#noProviders for further details.
]]></system-err>
  </testcase>
  <testcase name="homePageTitleURL" classname="com.qa.opencart.tests.HomePageTest" time="0.002">
    <system-out><![CDATA[Browser name: chrome
URL is: https://naveenautomationlabs.com/opencart/
]]></system-out>
  </testcase>
  <testcase name="searchTest[macbook](1)" classname="com.qa.opencart.tests.HomePageTest" time="1.375">
    <system-out><![CDATA[Browser name: chrome
Search Header: Search - macbook
]]></system-out>
  </testcase>
  <testcase name="searchTest[samsung](2)" classname="com.qa.opencart.tests.HomePageTest" time="0.989">
    <system-out><![CDATA[Browser name: chrome
Search Header: Search - samsung
]]></system-out>
  </testcase>
  <testcase name="searchTest[IMAC](3)" classname="com.qa.opencart.tests.HomePageTest" time="1.251">
    <system-out><![CDATA[Browser name: chrome
Search Header: Search - IMAC
]]></system-out>
  </testcase>
  <testcase name="loginPageNavigationTest" classname="com.qa.opencart.tests.LoginPageTest" time="1.288">
    <system-out><![CDATA[Browser name: chrome
Actual Login Page title is: Account Login
]]></system-out>
  </testcase>
  <testcase name="loginWithvalidCreds" classname="com.qa.opencart.tests.LoginPageTest" time="1.022">
    <system-out><![CDATA[Browser name: chrome
Email: abhijeet.kumar@gmail.com Password: Abhi@1994
User is successfully logged in...
]]></system-out>
  </testcase>
</testsuite>