<?xml version="1.0" encoding="UTF-8"?>
<testsuite xmlns:xsi="http://www.w3.org/2001/XMLSchema-instance" xsi:noNamespaceSchemaLocation="https://maven.apache.org/surefire/maven-surefire-plugin/xsd/surefire-test-report.xsd" version="3.0.2" name="TestSuite" time="39.548" tests="7" errors="0" skipped="0" failures="0">
  <properties>
[...]
</properties>
  <testcase name="homePageTitleTest" classname="com.qa.opencart.tests.HomePageTest" time="28.282">
    <system-out><![CDATA[...
... TestNG 7.12.0 by Cédric Beust (cedric@beust.com)
...

Test Suite started!
Test Suite started!
Browser name: chrome
Browser name: chrome
homePageTitleTest started!
loginPageNavigationTest started!
Page title: Your Store
homePageTitleTest passed!
Actual Login Page title is: Account Login
loginPageNavigationTest passed!
]]></system-out>
    <system-err><![CDATA[SLF4J(W): No SLF4J providers were found.
SLF4J(W): Defaulting to no-operation (NOP) logger implementation
SLF4J(W): See https://www.slf4j.org/codes.html#noProviders for further details.
]]></system-err>
  </testcase>
  <testcase name="homePageTitleURL" classname="com.qa.opencart.tests.HomePageTest" time="0.004">
    <system-out><![CDATA[Browser name: chrome
homePageTitleURL started!
URL is: https://naveenautomationlabs.com/opencart/
homePageTitleURL passed!
loginWithvalidCreds started!
Email: abhijeet.kumar@gmail.com Password: Abhi@1994
]]></system-out>
  </testcase>
  <testcase name="searchTest[macbook](1)" classname="com.qa.opencart.tests.HomePageTest" time="0.004">
    <system-out><![CDATA[Test Suite is ending!
searchTest started!
Search Header: Search - macbook
searchTest passed!
]]></system-out>
  </testcase>
  <testcase name="searchTest[samsung](2)" classname="com.qa.opencart.tests.HomePageTest" time="0.003">
    <system-out><![CDATA[Browser name: chrome
searchTest started!
Search Header: Search - samsung
searchTest passed!
]]></system-out>
  </testcase>
  <testcase name="searchTest[IMAC](3)" classname="com.qa.opencart.tests.HomePageTest" time="0.009">
    <system-out><![CDATA[Browser name: chrome
searchTest started!
Search Header: Search - IMAC
searchTest passed!
]]></system-out>
  </testcase>
  <testcase name="loginPageNavigationTest" classname="com.qa.opencart.tests.LoginPageTest" time="28.307">
    <system-out><![CDATA[Browser name: chrome
]]></system-out>
  </testcase>
  <testcase name="loginWithvalidCreds" classname="com.qa.opencart.tests.LoginPageTest" time="0.019">
    <system-out><![CDATA[Browser name: chrome
User is successfully logged in...
loginWithvalidCreds passed!
]]></system-out>
  </testcase>
</testsuite>