<?xml version="1.0" encoding="UTF-8"?>
<testng-results ignored="0" total="7" passed="7" failed="0" skipped="0">
  <reporter-output>
  </reporter-output>
  <suite started-at="2026-06-29T10:48:21 IST" name="Open Cart Test Regression PW Suite" finished-at="2026-06-29T10:49:05 IST" duration-ms="43568">
    <groups>
    </groups>
    <test started-at="2026-06-29T10:48:21 IST" name="Open Cart Login Page Test" finished-at="2026-06-29T10:48:45 IST" duration-ms="24163">
      <class name="com.qa.opencart.tests.LoginPageTest">
        <test-method is-config="true" signature="setUp()[pri:0, instance:com.qa.opencart.tests.LoginPageTest@797cf65c]" started-at="2026-06-29T10:48:21 IST" name="setUp" finished-at="2026-06-29T10:48:34 IST" duration-ms="13067" status="PASS">
          <reporter-output>
          </reporter-output>
        </test-method> <!-- setUp -->
        <test-method signature="loginPageNavigationTest()[pri:1, instance:com.qa.opencart.tests.LoginPageTest@797cf65c]" started-at="2026-06-29T10:48:35 IST" name="loginPageNavigationTest" finished-at="2026-06-29T10:48:35 IST" duration-ms="906" status="PASS">
          <reporter-output>
          </reporter-output>
        </test-method> <!-- loginPageNavigationTest -->
        <test-method is-config="true" signature="tearDown()[pri:0, instance:com.qa.opencart.tests.LoginPageTest@797cf65c]" started-at="2026-06-29T10:48:36 IST" name="tearDown" finished-at="2026-06-29T10:48:36 IST" duration-ms="10" status="PASS">
          <reporter-output>
          </reporter-output>
        </test-method> <!-- tearDown -->
        <test-method is-config="true" signature="setUp()[pri:0, instance:com.qa.opencart.tests.LoginPageTest@797cf65c]" started-at="2026-06-29T10:48:36 IST" name="setUp" finished-at="2026-06-29T10:48:42 IST" duration-ms="6047" status="PASS">
          <reporter-output>
          </reporter-output>
        </test-method> <!-- setUp -->
        <test-method signature="loginWithvalidCreds()[pri:2, instance:com.qa.opencart.tests.LoginPageTest@797cf65c]" started-at="2026-06-29T10:48:42 IST" name="loginWithvalidCreds" finished-at="2026-06-29T10:48:44 IST" duration-ms="1397" status="PASS">
          <reporter-output>
          </reporter-output>
        </test-method> <!-- loginWithvalidCreds -->
        <test-method is-config="true" signature="tearDown()[pri:0, instance:com.qa.opencart.tests.LoginPageTest@797cf65c]" started-at="2026-06-29T10:48:45 IST" name="tearDown" finished-at="2026-06-29T10:48:45 IST" duration-ms="1" status="PASS">
          <reporter-output>
          </reporter-output>
        </test-method> <!-- tearDown -->
      </class> <!-- com.qa.opencart.tests.LoginPageTest -->
    </test> <!-- Open Cart Login Page Test -->
    <test started-at="2026-06-29T10:48:21 IST" name="Open Cart Home Page Test" finished-at="2026-06-29T10:49:05 IST" duration-ms="43568">
      <class name="com.qa.opencart.tests.HomePageTest">
        <test-method is-config="true" signature="setUp()[pri:0, instance:com.qa.opencart.tests.HomePageTest@40db2a24]" started-at="2026-06-29T10:48:21 IST" name="setUp" finished-at="2026-06-29T10:48:36 IST" duration-ms="14430" status="PASS">
          <reporter-output>
          </reporter-output>
        </test-method> <!-- setUp -->
        <test-method signature="homePageTitleTest()[pri:0, instance:com.qa.opencart.tests.HomePageTest@40db2a24]" started-at="2026-06-29T10:48:36 IST" name="homePageTitleTest" finished-at="2026-06-29T10:48:36 IST" duration-ms="616" status="PASS">
          <reporter-output>
          </reporter-output>
        </test-method> <!-- homePageTitleTest -->
        <test-method is-config="true" signature="tearDown()[pri:0, instance:com.qa.opencart.tests.HomePageTest@40db2a24]" started-at="2026-06-29T10:48:37 IST" name="tearDown" finished-at="2026-06-29T10:48:37 IST" duration-ms="1" status="PASS">
          <reporter-output>
          </reporter-output>
        </test-method> <!-- tearDown -->
        <test-method is-config="true" signature="setUp()[pri:0, instance:com.qa.opencart.tests.HomePageTest@40db2a24]" started-at="2026-06-29T10:48:37 IST" name="setUp" finished-at="2026-06-29T10:48:42 IST" duration-ms="5593" status="PASS">
          <reporter-output>
          </reporter-output>
        </test-method> <!-- setUp -->
        <test-method signature="homePageTitleURL()[pri:0, instance:com.qa.opencart.tests.HomePageTest@40db2a24]" started-at="2026-06-29T10:48:42 IST" name="homePageTitleURL" finished-at="2026-06-29T10:48:42 IST" duration-ms="57" status="PASS">
          <reporter-output>
          </reporter-output>
        </test-method> <!-- homePageTitleURL -->
        <test-method is-config="true" signature="tearDown()[pri:0, instance:com.qa.opencart.tests.HomePageTest@40db2a24]" started-at="2026-06-29T10:48:44 IST" name="tearDown" finished-at="2026-06-29T10:48:44 IST" duration-ms="4" status="PASS">
          <reporter-output>
          </reporter-output>
        </test-method> <!-- tearDown -->
        <test-method is-config="true" signature="setUp()[pri:0, instance:com.qa.opencart.tests.HomePageTest@40db2a24]" started-at="2026-06-29T10:48:44 IST" name="setUp" finished-at="2026-06-29T10:48:49 IST" duration-ms="5089" status="PASS">
          <reporter-output>
          </reporter-output>
        </test-method> <!-- setUp -->
        <test-method signature="searchTest(java.lang.String)[pri:0, instance:com.qa.opencart.tests.HomePageTest@40db2a24]" started-at="2026-06-29T10:48:49 IST" name="searchTest" data-provider="getProductData" finished-at="2026-06-29T10:48:50 IST" duration-ms="971" status="PASS">
          <params>
            <param index="0">
              <value>
                <![CDATA[macbook]]>
              </value>
            </param>
          </params>
          <reporter-output>
          </reporter-output>
        </test-method> <!-- searchTest -->
        <test-method is-config="true" signature="tearDown()[pri:0, instance:com.qa.opencart.tests.HomePageTest@40db2a24]" started-at="2026-06-29T10:48:51 IST" name="tearDown" finished-at="2026-06-29T10:48:51 IST" duration-ms="1" status="PASS">
          <reporter-output>
          </reporter-output>
        </test-method> <!-- tearDown -->
        <test-method is-config="true" signature="setUp()[pri:0, instance:com.qa.opencart.tests.HomePageTest@40db2a24]" started-at="2026-06-29T10:48:51 IST" name="setUp" finished-at="2026-06-29T10:48:56 IST" duration-ms="4819" status="PASS">
          <reporter-output>
          </reporter-output>
        </test-method> <!-- setUp -->
        <test-method signature="searchTest(java.lang.String)[pri:0, instance:com.qa.opencart.tests.HomePageTest@40db2a24]" started-at="2026-06-29T10:48:56 IST" name="searchTest" data-provider="getProductData" finished-at="2026-06-29T10:48:57 IST" duration-ms="1031" status="PASS">
          <params>
            <param index="0">
              <value>
                <![CDATA[samsung]]>
              </value>
            </param>
          </params>
          <reporter-output>
          </reporter-output>
        </test-method> <!-- searchTest -->
        <test-method is-config="true" signature="tearDown()[pri:0, instance:com.qa.opencart.tests.HomePageTest@40db2a24]" started-at="2026-06-29T10:48:58 IST" name="tearDown" finished-at="2026-06-29T10:48:58 IST" duration-ms="2" status="PASS">
          <reporter-output>
          </reporter-output>
        </test-method> <!-- tearDown -->
        <test-method is-config="true" signature="setUp()[pri:0, instance:com.qa.opencart.tests.HomePageTest@40db2a24]" started-at="2026-06-29T10:48:58 IST" name="setUp" finished-at="2026-06-29T10:49:03 IST" duration-ms="4849" status="PASS">
          <reporter-output>
          </reporter-output>
        </test-method> <!-- setUp -->
        <test-method signature="searchTest(java.lang.String)[pri:0, instance:com.qa.opencart.tests.HomePageTest@40db2a24]" started-at="2026-06-29T10:49:03 IST" name="searchTest" data-provider="getProductData" finished-at="2026-06-29T10:49:04 IST" duration-ms="1028" status="PASS">
          <params>
            <param index="0">
              <value>
                <![CDATA[IMAC]]>
              </value>
            </param>
          </params>
          <reporter-output>
          </reporter-output>
        </test-method> <!-- searchTest -->
        <test-method is-config="true" signature="tearDown()[pri:0, instance:com.qa.opencart.tests.HomePageTest@40db2a24]" started-at="2026-06-29T10:49:05 IST" name="tearDown" finished-at="2026-06-29T10:49:05 IST" duration-ms="1" status="PASS">
          <reporter-output>
          </reporter-output>
        </test-method> <!-- tearDown -->
      </class> <!-- com.qa.opencart.tests.HomePageTest -->
    </test> <!-- Open Cart Home Page Test -->
  </suite> <!-- Open Cart Test Regression PW Suite -->
</testng-results>
