<?xml version="1.0" encoding="UTF-8"?>
<!-- Generated by org.testng.reporters.JUnitReportReporter -->
<testsuite hostname="ITEM-S109235" failures="0" tests="5" name="com.qa.opencart.tests.HomePageTest" time="38.492" errors="0" timestamp="2026-06-29T10:49:05 IST" skipped="0">
  <testcase classname="com.qa.opencart.tests.HomePageTest" name="homePageTitleTest" time="5.469"/>
  <system-out/>
  <testcase classname="com.qa.opencart.tests.HomePageTest" name="searchTest" time="6.121"/>
  <system-out/>
  <testcase classname="com.qa.opencart.tests.HomePageTest" name="homePageTitleURL" time="4.878"/>
  <system-out/>
  <testcase classname="com.qa.opencart.tests.HomePageTest" name="searchTest" time="6.622"/>
  <system-out/>
  <testcase classname="com.qa.opencart.tests.HomePageTest" name="searchTest" time="15.402"/>
  <system-out/>
</testsuite> <!-- com.qa.opencart.tests.HomePageTest -->
