<?xml version="1.0" encoding="UTF-8"?>
<!-- Generated by org.testng.reporters.JUnitReportReporter -->
<testsuite hostname="ITEM-S109235" failures="0" tests="2" name="com.qa.opencart.tests.LoginPageTest" time="41.437" errors="0" timestamp="2026-06-24T11:54:49 IST" skipped="0">
  <testcase classname="com.qa.opencart.tests.LoginPageTest" name="loginPageNavigationTest" time="30.967"/>
  <system-out/>
  <testcase classname="com.qa.opencart.tests.LoginPageTest" name="loginWithvalidCreds" time="10.470"/>
  <system-out/>
</testsuite> <!-- com.qa.opencart.tests.LoginPageTest -->
