<?xml version="1.0" encoding="UTF-8"?>
<!-- Generated by org.testng.reporters.JUnitReportReporter -->
<testsuite hostname="ITEM-S109235" failures="0" tests="5" name="com.qa.opencart.tests.HomePageTest" time="44.305" errors="0" timestamp="2026-06-29T16:13:42 IST" skipped="0">
  <testcase classname="com.qa.opencart.tests.HomePageTest" name="searchTest" time="20.660"/>
  <testcase classname="com.qa.opencart.tests.HomePageTest" name="searchTest" time="6.254"/>
  <testcase classname="com.qa.opencart.tests.HomePageTest" name="homePageTitleURL" time="6.054"/>
  <testcase classname="com.qa.opencart.tests.HomePageTest" name="homePageTitleTest" time="5.899"/>
  <testcase classname="com.qa.opencart.tests.HomePageTest" name="searchTest" time="5.438"/>
</testsuite> <!-- com.qa.opencart.tests.HomePageTest -->
