<?xml version="1.0" encoding="UTF-8"?>
<!-- Generated by org.testng.reporters.JUnitReportReporter -->
<testsuite hostname="ITEM-S109235" failures="0" tests="2" name="com.qa.opencart.tests.LoginPageTest" time="15.479" errors="0" timestamp="2026-06-22T15:27:09 IST" skipped="0">
  <testcase classname="com.qa.opencart.tests.LoginPageTest" name="loginPageNavigationTest" time="8.838"/>
  <testcase classname="com.qa.opencart.tests.LoginPageTest" name="loginWithvalidCreds" time="6.641"/>
</testsuite> <!-- com.qa.opencart.tests.LoginPageTest -->
