<?xml version="1.0" encoding="UTF-8"?>
<!-- Generated by org.testng.reporters.JUnitReportReporter -->
<testsuite hostname="ITEM-S109235" failures="0" tests="5" name="com.qa.opencart.tests.HomePageTest" time="40.363" errors="0" timestamp="2026-06-29T11:01:46 IST" skipped="0">
  <testcase classname="com.qa.opencart.tests.HomePageTest" name="searchTest" time="6.541"/>
  <testcase classname="com.qa.opencart.tests.HomePageTest" name="homePageTitleURL" time="4.860"/>
  <testcase classname="com.qa.opencart.tests.HomePageTest" name="searchTest" time="5.116"/>
  <testcase classname="com.qa.opencart.tests.HomePageTest" name="homePageTitleTest" time="10.006"/>
  <testcase classname="com.qa.opencart.tests.HomePageTest" name="searchTest" time="13.840"/>
</testsuite> <!-- com.qa.opencart.tests.HomePageTest -->
