<?xml version="1.0" encoding="UTF-8"?>
<!-- Generated by org.testng.reporters.JUnitReportReporter -->
<testsuite hostname="ITEM-S109235" failures="0" tests="2" name="com.qa.opencart.tests.LoginPageTest" time="22.287" errors="0" timestamp="2026-06-29T11:01:46 IST" skipped="0">
  <testcase classname="com.qa.opencart.tests.LoginPageTest" name="loginPageNavigationTest" time="13.651"/>
  <testcase classname="com.qa.opencart.tests.LoginPageTest" name="loginWithvalidCreds" time="8.636"/>
</testsuite> <!-- com.qa.opencart.tests.LoginPageTest -->
